2023-09-17 20:38:42,535.v3_emitter_of_tasks.INFO ==================================================
2023-09-17 20:38:42,535.v3_emitter_of_tasks.INFO Today is 2023-09-17 at 08:38 PM
2023-09-17 20:38:42,535.v3_emitter_of_tasks.INFO Running on: nt Windows 10
2023-09-17 20:38:42,535.v3_emitter_of_tasks.INFO Python version:  3.11.4
2023-09-17 20:38:42,535.v3_emitter_of_tasks.INFO Python path: C:\Users\bakar\anaconda3
2023-09-17 20:38:42,535.v3_emitter_of_tasks.INFO Working dir: C:\Users\bakar\44-671\.venv\streaming-04-multiple-consumers
2023-09-17 20:38:42,535.v3_emitter_of_tasks.INFO ==================================================
2023-09-17 20:38:42,566.v3_emitter_of_tasks.INFO  [x] Sent First task....
2023-09-17 20:38:42,582.v3_emitter_of_tasks.INFO  [x] Sent Second task....
2023-09-17 20:38:42,582.v3_emitter_of_tasks.INFO  [x] Sent Third task....
2023-09-17 20:38:42,597.v3_emitter_of_tasks.INFO  [x] Sent Fourth task...
2023-09-17 20:38:42,613.v3_emitter_of_tasks.INFO  [x] Sent Fifth task...
2023-09-17 20:38:42,632.v3_emitter_of_tasks.INFO  [x] Sent Sixth task...
2023-09-17 20:38:42,645.v3_emitter_of_tasks.INFO  [x] Sent Seventh task…..
2023-09-17 20:38:42,645.v3_emitter_of_tasks.INFO  [x] Sent Eighth task….......
2023-09-17 20:38:42,660.v3_emitter_of_tasks.INFO  [x] Sent Ninth task
2023-09-17 20:38:42,676.v3_emitter_of_tasks.INFO  [x] Sent Tenth task..
2023-09-17 20:38:42,691.v3_emitter_of_tasks.INFO  [x] Sent Eleventh task…
2023-09-17 20:38:42,691.v3_emitter_of_tasks.INFO  [x] Sent Twelfth task…...
2023-09-17 20:38:42,707.v3_emitter_of_tasks.INFO  [x] Sent Thirteenth task…....
